<?xml version="1.0" encoding="UTF-8"?>
<!-- Generated by org.testng.reporters.JUnitReportReporter -->
<testsuite skipped="0" hostname="Work-PC" name="tests.FindStoreTest" tests="3" failures="0" timestamp="22 Oct 2017 15:42:36 GMT" time="65.099" errors="0">
  <testcase name="findStore" time="22.469" classname="tests.FindStoreTest"/>
  <testcase name="findStore" time="21.931" classname="tests.FindStoreTest"/>
  <testcase name="findStore" time="20.699" classname="tests.FindStoreTest"/>
</testsuite> <!-- tests.FindStoreTest -->
