<?xml version="1.0" encoding="UTF-8"?>
<!-- Generated by org.testng.reporters.JUnitReportReporter -->
<testsuite skipped="1" hostname="Work-PC" name="tests.BuyCurrencyTest" tests="4" failures="0" timestamp="22 Oct 2017 15:30:37 GMT" time="68.081" errors="0">
  <testcase name="findStore" time="22.990" classname="tests.BuyCurrencyTest"/>
  <testcase name="findStore" time="22.938" classname="tests.BuyCurrencyTest"/>
  <testcase name="findStore" time="22.153" classname="tests.BuyCurrencyTest"/>
  <testcase name="buyCurrency" classname="tests.BuyCurrencyTest">
    <skipped/>
  </testcase> <!-- buyCurrency -->
</testsuite> <!-- tests.BuyCurrencyTest -->
